Started GET "/" for 127.0.0.1 at 2017-07-04 22:07:07 -0400
Processing by Rails::WelcomeController#index as HTML
  Parameters: {"internal"=>true}
  Rendering /Users/ph03n1x/.rbenv/versions/2.3.0/lib/ruby/gems/2.3.0/gems/railties-5.0.4/lib/rails/templates/rails/welcome/index.html.erb
  Rendered /Users/ph03n1x/.rbenv/versions/2.3.0/lib/ruby/gems/2.3.0/gems/railties-5.0.4/lib/rails/templates/rails/welcome/index.html.erb (5.7ms)
Completed 200 OK in 30ms (Views: 14.4ms | ActiveRecord: 0.0ms)


Started GET "/" for 127.0.0.1 at 2017-07-04 22:24:24 -0400
Processing by Rails::WelcomeController#index as HTML
  Parameters: {"internal"=>true}
  Rendering /Users/ph03n1x/.rbenv/versions/2.3.0/lib/ruby/gems/2.3.0/gems/railties-5.0.4/lib/rails/templates/rails/welcome/index.html.erb
  Rendered /Users/ph03n1x/.rbenv/versions/2.3.0/lib/ruby/gems/2.3.0/gems/railties-5.0.4/lib/rails/templates/rails/welcome/index.html.erb (4.5ms)
Completed 200 OK in 23ms (Views: 11.5ms | ActiveRecord: 0.0ms)


Started GET "/" for 127.0.0.1 at 2017-07-04 22:26:48 -0400
Processing by WelcomeController#index as HTML
  Rendering welcome/index.html.erb within layouts/application
  Rendered welcome/index.html.erb within layouts/application (1.5ms)
Completed 200 OK in 861ms (Views: 850.2ms | ActiveRecord: 0.0ms)


Started GET "/" for 127.0.0.1 at 2017-07-04 23:04:21 -0400
Processing by WelcomeController#index as HTML
  Rendering welcome/index.html.erb within layouts/application
  Rendered welcome/index.html.erb within layouts/application (4.7ms)
Completed 200 OK in 993ms (Views: 979.1ms | ActiveRecord: 0.0ms)


Started GET "/" for 127.0.0.1 at 2017-07-04 23:06:04 -0400
Processing by WelcomeController#index as HTML
  Rendering welcome/index.html.erb within layouts/application
  Rendered welcome/index.html.erb within layouts/application (4.5ms)
Completed 200 OK in 405ms (Views: 394.9ms | ActiveRecord: 0.0ms)


Started GET "/" for 127.0.0.1 at 2017-07-07 19:51:25 -0400
Processing by WelcomeController#index as HTML
  Rendering welcome/index.html.erb within layouts/application
  Rendered welcome/index.html.erb within layouts/application (4.7ms)
Completed 200 OK in 2091ms (Views: 2080.8ms | ActiveRecord: 0.0ms)


Started GET "/" for 127.0.0.1 at 2017-07-07 19:53:11 -0400
Processing by WelcomeController#index as HTML
  Rendering welcome/index.html.erb within layouts/application
  Rendered welcome/index.html.erb within layouts/application (0.5ms)
Completed 200 OK in 37ms (Views: 34.1ms | ActiveRecord: 0.0ms)


Started GET "/" for 127.0.0.1 at 2017-07-07 20:56:24 -0400
Processing by WelcomeController#index as HTML
  Rendering welcome/index.html.erb within layouts/application
  Rendered welcome/index.html.erb within layouts/application (4.8ms)
Completed 500 Internal Server Error in 1340ms (ActiveRecord: 0.0ms)


  
ActionView::Template::Error (SyntaxError: unknown: Adjacent JSX elements must be wrapped in an enclosing tag (5:6)
  3 |     return (
  4 |       <h1>Hello World</h1>
> 5 |       <RaisedButton label="HelloWorld" />
    |       ^
  6 |     )
  7 |   }
  8 | }):
    4:     <title>HelpingHandsTest</title>
    5:     <%= csrf_meta_tags %>
    6: 
    7:     <%= stylesheet_link_tag    'application', media: 'all', 'data-turbolinks-track': 'reload' %>
    8:     <%= javascript_include_tag 'application', 'data-turbolinks-track': 'reload' %>
    9:   </head>
   10: 
  
app/views/layouts/application.html.erb:7:in `_app_views_layouts_application_html_erb__3179020697038268154_70249029620080'
  Rendering /Users/ph03n1x/.rbenv/versions/2.3.0/lib/ruby/gems/2.3.0/gems/actionpack-5.0.4/lib/action_dispatch/middleware/templates/rescues/template_error.html.erb within rescues/layout
  Rendering /Users/ph03n1x/.rbenv/versions/2.3.0/lib/ruby/gems/2.3.0/gems/actionpack-5.0.4/lib/action_dispatch/middleware/templates/rescues/_source.html.erb
  Rendered /Users/ph03n1x/.rbenv/versions/2.3.0/lib/ruby/gems/2.3.0/gems/actionpack-5.0.4/lib/action_dispatch/middleware/templates/rescues/_source.html.erb (4.6ms)
  Rendering /Users/ph03n1x/.rbenv/versions/2.3.0/lib/ruby/gems/2.3.0/gems/actionpack-5.0.4/lib/action_dispatch/middleware/templates/rescues/_trace.html.erb
  Rendered /Users/ph03n1x/.rbenv/versions/2.3.0/lib/ruby/gems/2.3.0/gems/actionpack-5.0.4/lib/action_dispatch/middleware/templates/rescues/_trace.html.erb (2.4ms)
  Rendering /Users/ph03n1x/.rbenv/versions/2.3.0/lib/ruby/gems/2.3.0/gems/actionpack-5.0.4/lib/action_dispatch/middleware/templates/rescues/_request_and_response.html.erb
  Rendered /Users/ph03n1x/.rbenv/versions/2.3.0/lib/ruby/gems/2.3.0/gems/actionpack-5.0.4/lib/action_dispatch/middleware/templates/rescues/_request_and_response.html.erb (0.8ms)
  Rendered /Users/ph03n1x/.rbenv/versions/2.3.0/lib/ruby/gems/2.3.0/gems/actionpack-5.0.4/lib/action_dispatch/middleware/templates/rescues/template_error.html.erb within rescues/layout (78.8ms)
Started GET "/" for 127.0.0.1 at 2017-07-07 20:57:38 -0400
Processing by WelcomeController#index as HTML
  Rendering welcome/index.html.erb within layouts/application
  Rendered welcome/index.html.erb within layouts/application (0.4ms)
Completed 500 Internal Server Error in 519ms (ActiveRecord: 0.0ms)


  
ActionView::Template::Error (SyntaxError: unknown: Adjacent JSX elements must be wrapped in an enclosing tag (5:6)
  3 |     return (
  4 |       <h1>Hello World</h1>
> 5 |       <mui.RaisedButton label="HelloWorld" />
    |       ^
  6 |     )
  7 |   }
  8 | }):
    4:     <title>HelpingHandsTest</title>
    5:     <%= csrf_meta_tags %>
    6: 
    7:     <%= stylesheet_link_tag    'application', media: 'all', 'data-turbolinks-track': 'reload' %>
    8:     <%= javascript_include_tag 'application', 'data-turbolinks-track': 'reload' %>
    9:   </head>
   10: 
  
app/views/layouts/application.html.erb:7:in `_app_views_layouts_application_html_erb__3179020697038268154_70249054185040'
  Rendering /Users/ph03n1x/.rbenv/versions/2.3.0/lib/ruby/gems/2.3.0/gems/actionpack-5.0.4/lib/action_dispatch/middleware/templates/rescues/template_error.html.erb within rescues/layout
  Rendering /Users/ph03n1x/.rbenv/versions/2.3.0/lib/ruby/gems/2.3.0/gems/actionpack-5.0.4/lib/action_dispatch/middleware/templates/rescues/_source.html.erb
  Rendered /Users/ph03n1x/.rbenv/versions/2.3.0/lib/ruby/gems/2.3.0/gems/actionpack-5.0.4/lib/action_dispatch/middleware/templates/rescues/_source.html.erb (5.3ms)
  Rendering /Users/ph03n1x/.rbenv/versions/2.3.0/lib/ruby/gems/2.3.0/gems/actionpack-5.0.4/lib/action_dispatch/middleware/templates/rescues/_trace.html.erb
  Rendered /Users/ph03n1x/.rbenv/versions/2.3.0/lib/ruby/gems/2.3.0/gems/actionpack-5.0.4/lib/action_dispatch/middleware/templates/rescues/_trace.html.erb (2.9ms)
  Rendering /Users/ph03n1x/.rbenv/versions/2.3.0/lib/ruby/gems/2.3.0/gems/actionpack-5.0.4/lib/action_dispatch/middleware/templates/rescues/_request_and_response.html.erb
  Rendered /Users/ph03n1x/.rbenv/versions/2.3.0/lib/ruby/gems/2.3.0/gems/actionpack-5.0.4/lib/action_dispatch/middleware/templates/rescues/_request_and_response.html.erb (0.7ms)
  Rendered /Users/ph03n1x/.rbenv/versions/2.3.0/lib/ruby/gems/2.3.0/gems/actionpack-5.0.4/lib/action_dispatch/middleware/templates/rescues/template_error.html.erb within rescues/layout (70.6ms)
Started GET "/" for 127.0.0.1 at 2017-07-07 20:59:39 -0400
Processing by WelcomeController#index as HTML
  Rendering welcome/index.html.erb within layouts/application
  Rendered welcome/index.html.erb within layouts/application (0.8ms)
Completed 500 Internal Server Error in 501ms (ActiveRecord: 0.0ms)


  
ActionView::Template::Error (SyntaxError: unknown: Adjacent JSX elements must be wrapped in an enclosing tag (5:6)
  3 |     return (
  4 |       <h1>Hello World</h1>
> 5 |       <RaisedButton label="HelloWorld" />
    |       ^
  6 |     )
  7 |   }
  8 | }):
    4:     <title>HelpingHandsTest</title>
    5:     <%= csrf_meta_tags %>
    6: 
    7:     <%= stylesheet_link_tag    'application', media: 'all', 'data-turbolinks-track': 'reload' %>
    8:     <%= javascript_include_tag 'application', 'data-turbolinks-track': 'reload' %>
    9:   </head>
   10: 
  
app/views/layouts/application.html.erb:7:in `_app_views_layouts_application_html_erb__3179020697038268154_70249067091220'
  Rendering /Users/ph03n1x/.rbenv/versions/2.3.0/lib/ruby/gems/2.3.0/gems/actionpack-5.0.4/lib/action_dispatch/middleware/templates/rescues/template_error.html.erb within rescues/layout
  Rendering /Users/ph03n1x/.rbenv/versions/2.3.0/lib/ruby/gems/2.3.0/gems/actionpack-5.0.4/lib/action_dispatch/middleware/templates/rescues/_source.html.erb
  Rendered /Users/ph03n1x/.rbenv/versions/2.3.0/lib/ruby/gems/2.3.0/gems/actionpack-5.0.4/lib/action_dispatch/middleware/templates/rescues/_source.html.erb (8.3ms)
  Rendering /Users/ph03n1x/.rbenv/versions/2.3.0/lib/ruby/gems/2.3.0/gems/actionpack-5.0.4/lib/action_dispatch/middleware/templates/rescues/_trace.html.erb
  Rendered /Users/ph03n1x/.rbenv/versions/2.3.0/lib/ruby/gems/2.3.0/gems/actionpack-5.0.4/lib/action_dispatch/middleware/templates/rescues/_trace.html.erb (3.1ms)
  Rendering /Users/ph03n1x/.rbenv/versions/2.3.0/lib/ruby/gems/2.3.0/gems/actionpack-5.0.4/lib/action_dispatch/middleware/templates/rescues/_request_and_response.html.erb
  Rendered /Users/ph03n1x/.rbenv/versions/2.3.0/lib/ruby/gems/2.3.0/gems/actionpack-5.0.4/lib/action_dispatch/middleware/templates/rescues/_request_and_response.html.erb (1.1ms)
  Rendered /Users/ph03n1x/.rbenv/versions/2.3.0/lib/ruby/gems/2.3.0/gems/actionpack-5.0.4/lib/action_dispatch/middleware/templates/rescues/template_error.html.erb within rescues/layout (77.5ms)
Started GET "/" for 127.0.0.1 at 2017-07-07 21:00:53 -0400
Processing by WelcomeController#index as HTML
  Rendering welcome/index.html.erb within layouts/application
  Rendered welcome/index.html.erb within layouts/application (0.5ms)
Completed 500 Internal Server Error in 516ms (ActiveRecord: 0.0ms)


  
ActionView::Template::Error (SyntaxError: unknown: Adjacent JSX elements must be wrapped in an enclosing tag (5:6)
  3 |     return (
  4 |       <h1>Hello World</h1>
> 5 |       <div>
    |       ^
  6 |       <RaisedButton label="HelloWorld" />
  7 |       </div>
  8 |     )):
    4:     <title>HelpingHandsTest</title>
    5:     <%= csrf_meta_tags %>
    6: 
    7:     <%= stylesheet_link_tag    'application', media: 'all', 'data-turbolinks-track': 'reload' %>
    8:     <%= javascript_include_tag 'application', 'data-turbolinks-track': 'reload' %>
    9:   </head>
   10: 
  
app/views/layouts/application.html.erb:7:in `_app_views_layouts_application_html_erb__3179020697038268154_70249068858700'
  Rendering /Users/ph03n1x/.rbenv/versions/2.3.0/lib/ruby/gems/2.3.0/gems/actionpack-5.0.4/lib/action_dispatch/middleware/templates/rescues/template_error.html.erb within rescues/layout
  Rendering /Users/ph03n1x/.rbenv/versions/2.3.0/lib/ruby/gems/2.3.0/gems/actionpack-5.0.4/lib/action_dispatch/middleware/templates/rescues/_source.html.erb
  Rendered /Users/ph03n1x/.rbenv/versions/2.3.0/lib/ruby/gems/2.3.0/gems/actionpack-5.0.4/lib/action_dispatch/middleware/templates/rescues/_source.html.erb (4.6ms)
  Rendering /Users/ph03n1x/.rbenv/versions/2.3.0/lib/ruby/gems/2.3.0/gems/actionpack-5.0.4/lib/action_dispatch/middleware/templates/rescues/_trace.html.erb
  Rendered /Users/ph03n1x/.rbenv/versions/2.3.0/lib/ruby/gems/2.3.0/gems/actionpack-5.0.4/lib/action_dispatch/middleware/templates/rescues/_trace.html.erb (2.1ms)
  Rendering /Users/ph03n1x/.rbenv/versions/2.3.0/lib/ruby/gems/2.3.0/gems/actionpack-5.0.4/lib/action_dispatch/middleware/templates/rescues/_request_and_response.html.erb
  Rendered /Users/ph03n1x/.rbenv/versions/2.3.0/lib/ruby/gems/2.3.0/gems/actionpack-5.0.4/lib/action_dispatch/middleware/templates/rescues/_request_and_response.html.erb (0.9ms)
  Rendered /Users/ph03n1x/.rbenv/versions/2.3.0/lib/ruby/gems/2.3.0/gems/actionpack-5.0.4/lib/action_dispatch/middleware/templates/rescues/template_error.html.erb within rescues/layout (77.0ms)
Started GET "/" for 127.0.0.1 at 2017-07-07 21:02:16 -0400
Processing by WelcomeController#index as HTML
  Rendering welcome/index.html.erb within layouts/application
  Rendered welcome/index.html.erb within layouts/application (0.6ms)
Completed 500 Internal Server Error in 527ms (ActiveRecord: 0.0ms)


  
ActionView::Template::Error (SyntaxError: unknown: Adjacent JSX elements must be wrapped in an enclosing tag (5:6)
  3 |     return (
  4 |       <h1>Hello World</h1>
> 5 |       </br>
    |       ^
  6 |       <RaisedButton label="HelloWorld" />
  7 |     )
  8 |   }):
    4:     <title>HelpingHandsTest</title>
    5:     <%= csrf_meta_tags %>
    6: 
    7:     <%= stylesheet_link_tag    'application', media: 'all', 'data-turbolinks-track': 'reload' %>
    8:     <%= javascript_include_tag 'application', 'data-turbolinks-track': 'reload' %>
    9:   </head>
   10: 
  
app/views/layouts/application.html.erb:7:in `_app_views_layouts_application_html_erb__3179020697038268154_70249061842680'
  Rendering /Users/ph03n1x/.rbenv/versions/2.3.0/lib/ruby/gems/2.3.0/gems/actionpack-5.0.4/lib/action_dispatch/middleware/templates/rescues/template_error.html.erb within rescues/layout
  Rendering /Users/ph03n1x/.rbenv/versions/2.3.0/lib/ruby/gems/2.3.0/gems/actionpack-5.0.4/lib/action_dispatch/middleware/templates/rescues/_source.html.erb
  Rendered /Users/ph03n1x/.rbenv/versions/2.3.0/lib/ruby/gems/2.3.0/gems/actionpack-5.0.4/lib/action_dispatch/middleware/templates/rescues/_source.html.erb (7.4ms)
  Rendering /Users/ph03n1x/.rbenv/versions/2.3.0/lib/ruby/gems/2.3.0/gems/actionpack-5.0.4/lib/action_dispatch/middleware/templates/rescues/_trace.html.erb
  Rendered /Users/ph03n1x/.rbenv/versions/2.3.0/lib/ruby/gems/2.3.0/gems/actionpack-5.0.4/lib/action_dispatch/middleware/templates/rescues/_trace.html.erb (3.2ms)
  Rendering /Users/ph03n1x/.rbenv/versions/2.3.0/lib/ruby/gems/2.3.0/gems/actionpack-5.0.4/lib/action_dispatch/middleware/templates/rescues/_request_and_response.html.erb
  Rendered /Users/ph03n1x/.rbenv/versions/2.3.0/lib/ruby/gems/2.3.0/gems/actionpack-5.0.4/lib/action_dispatch/middleware/templates/rescues/_request_and_response.html.erb (0.8ms)
  Rendered /Users/ph03n1x/.rbenv/versions/2.3.0/lib/ruby/gems/2.3.0/gems/actionpack-5.0.4/lib/action_dispatch/middleware/templates/rescues/template_error.html.erb within rescues/layout (79.0ms)
Started GET "/" for 127.0.0.1 at 2017-07-07 21:03:04 -0400
Processing by WelcomeController#index as HTML
  Rendering welcome/index.html.erb within layouts/application
  Rendered welcome/index.html.erb within layouts/application (1.2ms)
Completed 500 Internal Server Error in 527ms (ActiveRecord: 0.0ms)


  
ActionView::Template::Error (SyntaxError: unknown: Adjacent JSX elements must be wrapped in an enclosing tag (5:6)
  3 |     return (
  4 |       <h1>Hello World</h1>
> 5 |       </br>
    |       ^
  6 |       <div>
  7 |       <RaisedButton label="HelloWorld" />
  8 |       </div>):
    4:     <title>HelpingHandsTest</title>
    5:     <%= csrf_meta_tags %>
    6: 
    7:     <%= stylesheet_link_tag    'application', media: 'all', 'data-turbolinks-track': 'reload' %>
    8:     <%= javascript_include_tag 'application', 'data-turbolinks-track': 'reload' %>
    9:   </head>
   10: 
  
app/views/layouts/application.html.erb:7:in `_app_views_layouts_application_html_erb__3179020697038268154_70249060553160'
  Rendering /Users/ph03n1x/.rbenv/versions/2.3.0/lib/ruby/gems/2.3.0/gems/actionpack-5.0.4/lib/action_dispatch/middleware/templates/rescues/template_error.html.erb within rescues/layout
  Rendering /Users/ph03n1x/.rbenv/versions/2.3.0/lib/ruby/gems/2.3.0/gems/actionpack-5.0.4/lib/action_dispatch/middleware/templates/rescues/_source.html.erb
  Rendered /Users/ph03n1x/.rbenv/versions/2.3.0/lib/ruby/gems/2.3.0/gems/actionpack-5.0.4/lib/action_dispatch/middleware/templates/rescues/_source.html.erb (6.7ms)
  Rendering /Users/ph03n1x/.rbenv/versions/2.3.0/lib/ruby/gems/2.3.0/gems/actionpack-5.0.4/lib/action_dispatch/middleware/templates/rescues/_trace.html.erb
  Rendered /Users/ph03n1x/.rbenv/versions/2.3.0/lib/ruby/gems/2.3.0/gems/actionpack-5.0.4/lib/action_dispatch/middleware/templates/rescues/_trace.html.erb (2.8ms)
  Rendering /Users/ph03n1x/.rbenv/versions/2.3.0/lib/ruby/gems/2.3.0/gems/actionpack-5.0.4/lib/action_dispatch/middleware/templates/rescues/_request_and_response.html.erb
  Rendered /Users/ph03n1x/.rbenv/versions/2.3.0/lib/ruby/gems/2.3.0/gems/actionpack-5.0.4/lib/action_dispatch/middleware/templates/rescues/_request_and_response.html.erb (1.4ms)
  Rendered /Users/ph03n1x/.rbenv/versions/2.3.0/lib/ruby/gems/2.3.0/gems/actionpack-5.0.4/lib/action_dispatch/middleware/templates/rescues/template_error.html.erb within rescues/layout (75.2ms)
Started GET "/" for 127.0.0.1 at 2017-07-07 21:07:44 -0400
Processing by WelcomeController#index as HTML
  Rendering welcome/index.html.erb within layouts/application
  Rendered welcome/index.html.erb within layouts/application (0.6ms)
Completed 500 Internal Server Error in 555ms (ActiveRecord: 0.0ms)


  
ActionView::Template::Error (SyntaxError: unknown: Unexpected token (4:7)
  2 |   render() {
  3 |     return (
> 4 |       </br>
    |        ^
  5 |       <div>
  6 |       <RaisedButton label="HelloWorld" />
  7 |       </div>):
    4:     <title>HelpingHandsTest</title>
    5:     <%= csrf_meta_tags %>
    6: 
    7:     <%= stylesheet_link_tag    'application', media: 'all', 'data-turbolinks-track': 'reload' %>
    8:     <%= javascript_include_tag 'application', 'data-turbolinks-track': 'reload' %>
    9:   </head>
   10: 
  
app/views/layouts/application.html.erb:7:in `_app_views_layouts_application_html_erb__3179020697038268154_70249066611220'
  Rendering /Users/ph03n1x/.rbenv/versions/2.3.0/lib/ruby/gems/2.3.0/gems/actionpack-5.0.4/lib/action_dispatch/middleware/templates/rescues/template_error.html.erb within rescues/layout
  Rendering /Users/ph03n1x/.rbenv/versions/2.3.0/lib/ruby/gems/2.3.0/gems/actionpack-5.0.4/lib/action_dispatch/middleware/templates/rescues/_source.html.erb
  Rendered /Users/ph03n1x/.rbenv/versions/2.3.0/lib/ruby/gems/2.3.0/gems/actionpack-5.0.4/lib/action_dispatch/middleware/templates/rescues/_source.html.erb (4.7ms)
  Rendering /Users/ph03n1x/.rbenv/versions/2.3.0/lib/ruby/gems/2.3.0/gems/actionpack-5.0.4/lib/action_dispatch/middleware/templates/rescues/_trace.html.erb
  Rendered /Users/ph03n1x/.rbenv/versions/2.3.0/lib/ruby/gems/2.3.0/gems/actionpack-5.0.4/lib/action_dispatch/middleware/templates/rescues/_trace.html.erb (3.5ms)
  Rendering /Users/ph03n1x/.rbenv/versions/2.3.0/lib/ruby/gems/2.3.0/gems/actionpack-5.0.4/lib/action_dispatch/middleware/templates/rescues/_request_and_response.html.erb
  Rendered /Users/ph03n1x/.rbenv/versions/2.3.0/lib/ruby/gems/2.3.0/gems/actionpack-5.0.4/lib/action_dispatch/middleware/templates/rescues/_request_and_response.html.erb (0.7ms)
  Rendered /Users/ph03n1x/.rbenv/versions/2.3.0/lib/ruby/gems/2.3.0/gems/actionpack-5.0.4/lib/action_dispatch/middleware/templates/rescues/template_error.html.erb within rescues/layout (72.3ms)
Started GET "/" for 127.0.0.1 at 2017-07-07 21:10:30 -0400
Processing by WelcomeController#index as HTML
  Rendering welcome/index.html.erb within layouts/application
  Rendered welcome/index.html.erb within layouts/application (0.4ms)
Browserify: /Users/ph03n1x/Documents/repo/HelpingHandsTest/node_modules/.bin/browserifyinc --list --cachefile=/Users/ph03n1x/Documents/repo/HelpingHandsTest/tmp/cache/browserify-rails/browserifyinc-cache.json -o "/Users/ph03n1x/Documents/repo/HelpingHandsTest/tmp/cache/browserify-rails/output20170707-55007-u7cvet" -
Browserify: /Users/ph03n1x/Documents/repo/HelpingHandsTest/node_modules/.bin/browserifyinc  --cachefile=/Users/ph03n1x/Documents/repo/HelpingHandsTest/tmp/cache/browserify-rails/browserifyinc-cache.json -o "/Users/ph03n1x/Documents/repo/HelpingHandsTest/tmp/cache/browserify-rails/output20170707-55007-2fvj01" -
Completed 500 Internal Server Error in 3591ms (ActiveRecord: 0.0ms)


  
ActionView::Template::Error (SyntaxError: unknown: Unexpected token (4:7)
  2 |   render() {
  3 |     return (
> 4 |       </br>
    |        ^
  5 |       <div>
  6 |       <RaisedButton label="HelloWorld" />
  7 |       </div>):
    4:     <title>HelpingHandsTest</title>
    5:     <%= csrf_meta_tags %>
    6: 
    7:     <%= stylesheet_link_tag    'application', media: 'all', 'data-turbolinks-track': 'reload' %>
    8:     <%= javascript_include_tag 'application', 'data-turbolinks-track': 'reload' %>
    9:   </head>
   10: 
  
app/views/layouts/application.html.erb:7:in `_app_views_layouts_application_html_erb__3179020697038268154_70249052452920'
  Rendering /Users/ph03n1x/.rbenv/versions/2.3.0/lib/ruby/gems/2.3.0/gems/actionpack-5.0.4/lib/action_dispatch/middleware/templates/rescues/template_error.html.erb within rescues/layout
  Rendering /Users/ph03n1x/.rbenv/versions/2.3.0/lib/ruby/gems/2.3.0/gems/actionpack-5.0.4/lib/action_dispatch/middleware/templates/rescues/_source.html.erb
  Rendered /Users/ph03n1x/.rbenv/versions/2.3.0/lib/ruby/gems/2.3.0/gems/actionpack-5.0.4/lib/action_dispatch/middleware/templates/rescues/_source.html.erb (5.3ms)
  Rendering /Users/ph03n1x/.rbenv/versions/2.3.0/lib/ruby/gems/2.3.0/gems/actionpack-5.0.4/lib/action_dispatch/middleware/templates/rescues/_trace.html.erb
  Rendered /Users/ph03n1x/.rbenv/versions/2.3.0/lib/ruby/gems/2.3.0/gems/actionpack-5.0.4/lib/action_dispatch/middleware/templates/rescues/_trace.html.erb (2.5ms)
  Rendering /Users/ph03n1x/.rbenv/versions/2.3.0/lib/ruby/gems/2.3.0/gems/actionpack-5.0.4/lib/action_dispatch/middleware/templates/rescues/_request_and_response.html.erb
  Rendered /Users/ph03n1x/.rbenv/versions/2.3.0/lib/ruby/gems/2.3.0/gems/actionpack-5.0.4/lib/action_dispatch/middleware/templates/rescues/_request_and_response.html.erb (0.9ms)
  Rendered /Users/ph03n1x/.rbenv/versions/2.3.0/lib/ruby/gems/2.3.0/gems/actionpack-5.0.4/lib/action_dispatch/middleware/templates/rescues/template_error.html.erb within rescues/layout (73.5ms)
Started GET "/" for 127.0.0.1 at 2017-07-07 21:11:05 -0400
Processing by WelcomeController#index as HTML
  Rendering welcome/index.html.erb within layouts/application
  Rendered welcome/index.html.erb within layouts/application (5.1ms)
Completed 500 Internal Server Error in 1310ms (ActiveRecord: 0.0ms)


  
ActionView::Template::Error (SyntaxError: unknown: Unexpected token (4:7)
  2 |   render() {
  3 |     return (
> 4 |       </br>
    |        ^
  5 |       <div>
  6 |       <RaisedButton label="HelloWorld" />
  7 |       </div>):
    4:     <title>HelpingHandsTest</title>
    5:     <%= csrf_meta_tags %>
    6: 
    7:     <%= stylesheet_link_tag    'application', media: 'all', 'data-turbolinks-track': 'reload' %>
    8:     <%= javascript_include_tag 'application', 'data-turbolinks-track': 'reload' %>
    9:   </head>
   10: 
  
app/views/layouts/application.html.erb:7:in `_app_views_layouts_application_html_erb___2539346678615894189_70263679773860'
  Rendering /Users/ph03n1x/.rbenv/versions/2.3.0/lib/ruby/gems/2.3.0/gems/actionpack-5.0.4/lib/action_dispatch/middleware/templates/rescues/template_error.html.erb within rescues/layout
  Rendering /Users/ph03n1x/.rbenv/versions/2.3.0/lib/ruby/gems/2.3.0/gems/actionpack-5.0.4/lib/action_dispatch/middleware/templates/rescues/_source.html.erb
  Rendered /Users/ph03n1x/.rbenv/versions/2.3.0/lib/ruby/gems/2.3.0/gems/actionpack-5.0.4/lib/action_dispatch/middleware/templates/rescues/_source.html.erb (4.8ms)
  Rendering /Users/ph03n1x/.rbenv/versions/2.3.0/lib/ruby/gems/2.3.0/gems/actionpack-5.0.4/lib/action_dispatch/middleware/templates/rescues/_trace.html.erb
  Rendered /Users/ph03n1x/.rbenv/versions/2.3.0/lib/ruby/gems/2.3.0/gems/actionpack-5.0.4/lib/action_dispatch/middleware/templates/rescues/_trace.html.erb (1.9ms)
  Rendering /Users/ph03n1x/.rbenv/versions/2.3.0/lib/ruby/gems/2.3.0/gems/actionpack-5.0.4/lib/action_dispatch/middleware/templates/rescues/_request_and_response.html.erb
  Rendered /Users/ph03n1x/.rbenv/versions/2.3.0/lib/ruby/gems/2.3.0/gems/actionpack-5.0.4/lib/action_dispatch/middleware/templates/rescues/_request_and_response.html.erb (1.0ms)
  Rendered /Users/ph03n1x/.rbenv/versions/2.3.0/lib/ruby/gems/2.3.0/gems/actionpack-5.0.4/lib/action_dispatch/middleware/templates/rescues/template_error.html.erb within rescues/layout (76.2ms)
Started GET "/" for 127.0.0.1 at 2017-07-07 21:14:00 -0400
Processing by WelcomeController#index as HTML
  Rendering welcome/index.html.erb within layouts/application
  Rendered welcome/index.html.erb within layouts/application (4.9ms)
Browserify: /Users/ph03n1x/Documents/repo/HelpingHandsTest/node_modules/.bin/browserifyinc --list --cachefile=/Users/ph03n1x/Documents/repo/HelpingHandsTest/tmp/cache/browserify-rails/browserifyinc-cache.json -o "/Users/ph03n1x/Documents/repo/HelpingHandsTest/tmp/cache/browserify-rails/output20170707-55706-gl0jzj" -
Browserify: /Users/ph03n1x/Documents/repo/HelpingHandsTest/node_modules/.bin/browserifyinc  --cachefile=/Users/ph03n1x/Documents/repo/HelpingHandsTest/tmp/cache/browserify-rails/browserifyinc-cache.json -o "/Users/ph03n1x/Documents/repo/HelpingHandsTest/tmp/cache/browserify-rails/output20170707-55706-ezoi8e" -
Completed 200 OK in 2861ms (Views: 2851.4ms | ActiveRecord: 0.0ms)


